C:\Users\jensbaby\Desktop\jenCS1400\cs1400Final\cs1400Final\Debug\cl.command.1.tlog
C:\Users\jensbaby\Desktop\jenCS1400\cs1400Final\cs1400Final\Debug\CL.read.1.tlog
C:\Users\jensbaby\Desktop\jenCS1400\cs1400Final\cs1400Final\Debug\CL.write.1.tlog
C:\Users\jensbaby\Desktop\jenCS1400\cs1400Final\cs1400Final\Debug\cs1400Final.exe.embed.manifest
C:\USERS\JENSBABY\DESKTOP\JENCS1400\CS1400FINAL\CS1400FINAL\DEBUG\CS1400FINAL.EXE.EMBED.MANIFEST.RES
C:\Users\jensbaby\Desktop\jenCS1400\cs1400Final\cs1400Final\Debug\cs1400Final.exe.intermediate.manifest
C:\Users\jensbaby\Desktop\jenCS1400\cs1400Final\cs1400Final\Debug\cs1400Final_manifest.rc
C:\USERS\JENSBABY\DESKTOP\JENCS1400\CS1400FINAL\CS1400FINAL\DEBUG\JEN.OBJ
C:\Users\jensbaby\Desktop\jenCS1400\cs1400Final\cs1400Final\Debug\link.command.1.tlog
C:\Users\jensbaby\Desktop\jenCS1400\cs1400Final\cs1400Final\Debug\link.read.1.tlog
C:\Users\jensbaby\Desktop\jenCS1400\cs1400Final\cs1400Final\Debug\link.write.1.tlog
C:\Users\jensbaby\Desktop\jenCS1400\cs1400Final\cs1400Final\Debug\link-cvtres.read.1.tlog
C:\Users\jensbaby\Desktop\jenCS1400\cs1400Final\cs1400Final\Debug\link-cvtres.write.1.tlog
C:\Users\jensbaby\Desktop\jenCS1400\cs1400Final\cs1400Final\Debug\rc.command.1.tlog
C:\Users\jensbaby\Desktop\jenCS1400\cs1400Final\cs1400Final\Debug\rc.read.1.tlog
C:\Users\jensbaby\Desktop\jenCS1400\cs1400Final\cs1400Final\Debug\rc.write.1.tlog
C:\USERS\JENSBABY\DESKTOP\JENCS1400\CS1400FINAL\CS1400FINAL\DEBUG\UNIT.OBJ
C:\Users\jensbaby\Desktop\jenCS1400\cs1400Final\cs1400Final\Debug\vc100.idb
C:\USERS\JENSBABY\DESKTOP\JENCS1400\CS1400FINAL\CS1400FINAL\DEBUG\VC100.PDB
C:\Users\jensbaby\Desktop\jenCS1400\cs1400Final\Debug\cs1400Final.pdb
