Build started 11/29/2013 12:15:32 PM.
     1>Project "C:\Users\jensbaby\Desktop\jenCS1400\cs1400Final\cs1400Final\cs1400Final.vcxproj" on node 2 (build target(s)).
     1>InitializeBuildStatus:
         Touching "Debug\cs1400Final.unsuccessfulbuild".
       ClCompile:
         c:\Program Files (x86)\Microsoft Visual Studio 10.0\VC\bin\CL.exe /c /ZI /nologo /W3 /WX- /Od /Oy- /D WIN32 /D _DEBUG /D _CONSOLE /D _UNICODE /D UNICODE /Gm /EHsc /RTC1 /MDd /GS /fp:precise /Zc:wchar_t /Zc:forScope /Fo"Debug\\" /Fd"Debug\vc100.pdb" /Gd /TP /analyze- /errorReport:prompt jen.cpp
         jen.cpp
     1>c:\users\jensbaby\desktop\jencs1400\cs1400final\cs1400final\jen.cpp(82): warning C4700: uninitialized local variable 'a' used
       ManifestResourceCompile:
         All outputs are up-to-date.
       Link:
         c:\Program Files (x86)\Microsoft Visual Studio 10.0\VC\bin\link.exe /ERRORREPORT:PROMPT /OUT:"C:\Users\jensbaby\Desktop\jenCS1400\cs1400Final\Debug\cs1400Final.exe" /INCREMENTAL /NOLOGO kernel32.lib user32.lib gdi32.lib winspool.lib comdlg32.lib advapi32.lib shell32.lib ole32.lib oleaut32.lib uuid.lib odbc32.lib odbccp32.lib /MANIFEST /ManifestFile:"Debug\cs1400Final.exe.intermediate.manifest" /MANIFESTUAC:"level='asInvoker' uiAccess='false'" /DEBUG /PDB:"C:\Users\jensbaby\Desktop\jenCS1400\cs1400Final\Debug\cs1400Final.pdb" /SUBSYSTEM:CONSOLE /TLBID:1 /DYNAMICBASE /NXCOMPAT /IMPLIB:"C:\Users\jensbaby\Desktop\jenCS1400\cs1400Final\Debug\cs1400Final.lib" /MACHINE:X86 Debug\cs1400Final.exe.embed.manifest.res
         Debug\aaa.obj
         Debug\abb.obj
         Debug\adc.obj
         Debug\adi.obj
         Debug\adn.obj
         Debug\aia.obj
         Debug\akf.obj
         Debug\all.obj
         Debug\alp.obj
         Debug\alt.obj
         Debug\amo.obj
         Debug\aqa.obj
         Debug\ark.obj
         Debug\asd.obj
         Debug\asn.obj
         Debug\avb.obj
         Debug\bac.obj
         Debug\bbq.obj
         Debug\ben.obj
         Debug\blk.obj
         Debug\bob.obj
         Debug\boo.obj
         Debug\bos.obj
         Debug\bot.obj
         Debug\bri.obj
         Debug\brn.obj
         Debug\bro.obj
         Debug\bug.obj
         Debug\bwc.obj
         Debug\car.obj
         Debug\cdg.obj
         Debug\cdy.obj
         Debug\cjk.obj
         Debug\cjt.obj
         Debug\ckc.obj
         Debug\clg.obj
         Debug\cls.obj
         Debug\clu.obj
         Debug\cmd.obj
         Debug\cow.obj
         Debug\cra.obj
         Debug\crb.obj
         Debug\crd.obj
         Debug\csq.obj
         Debug\ctu.obj
         Debug\cwc.obj
         Debug\cze.obj
         Debug\dfv.obj
         Debug\die.obj
         Debug\dih.obj
         Debug\dkb.obj
         Debug\dl8.obj
         Debug\dlr.obj
         Debug\dlt.obj
         Debug\dmr.obj
         Debug\dnd.obj
         Debug\doh.obj
         Debug\dos.obj
         Debug\drb.obj
         Debug\drc.obj
         Debug\dre.obj
         Debug\drw.obj
         Debug\dsc.obj
         Debug\dss.obj
         Debug\dww.obj
         Debug\dxv.obj
         Debug\edb.obj
         Debug\eds.obj
         Debug\emj.obj
         Debug\eob.obj
         Debug\fed.obj
         Debug\frp.obj
         Debug\god.obj
         Debug\gst.obj
         Debug\gwh.obj
         Debug\ham.obj
         Debug\hlz.obj
         Debug\hoe.obj
         Debug\hsa.obj
         Debug\hug.obj
         Debug\ian.obj
         Debug\icl.obj
         Debug\icm.obj
         Debug\ike.obj
         Debug\ipm.obj
         Debug\jac.obj
         Debug\jax.obj
         Debug\jaz.obj
         Debug\jbp.obj
         Debug\jcd.obj
         Debug\jcl.obj
         Debug\jdd.obj
         Debug\jds.obj
         Debug\jej.obj
         Debug\jen.obj
         Debug\jfr.obj
         Debug\jgb.obj
         Debug\jjc.obj
         Debug\jmf.obj
         Debug\jmh.obj
         Debug\jms.obj
         Debug\jmt.obj
         Debug\jon.obj
         Debug\jps.obj
         Debug\jrp.obj
         Debug\jrw.obj
         Debug\jta.obj
         Debug\jtb.obj
         Debug\jtg.obj
         Debug\jwl.obj
         Debug\kac.obj
         Debug\kdf.obj
         Debug\kfc.obj
         Debug\kgb.obj
         Debug\kjh.obj
         Debug\kjs.obj
         Debug\klb.obj
         Debug\klh.obj
         Debug\knk.obj
         Debug\krg.obj
         Debug\lam.obj
         Debug\lav.obj
         Debug\lea.obj
         Debug\lel.obj
         Debug\lhm.obj
         Debug\lia.obj
         Debug\lionheart.obj
         Debug\liv.obj
         Debug\lmn.obj
         Debug\lol.obj
         Debug\loz.obj
         Debug\lpc.obj
         Debug\lsd.obj
         Debug\m11.obj
         Debug\maa.obj
         Debug\mab.obj
         Debug\mad.obj
         Debug\mar.obj
         Debug\med.obj
         Debug\meh.obj
         Debug\mjn.obj
         Debug\mlg.obj
         Debug\mlm.obj
         Debug\mlp.obj
         Debug\mmh.obj
         Debug\mos.obj
         Debug\mpf.obj
         Debug\mrr.obj
         Debug\msc.obj
         Debug\msw.obj
         Debug\mtc.obj
         Debug\nac.obj
         Debug\naw.obj
         Debug\noo.obj
         Debug\nva.obj
         Debug\ork.obj
         Debug\oss.obj
         Debug\pez.obj
         Debug\phx.obj
         Debug\pig.obj
         Debug\pim.obj
         Debug\pld.obj
         Debug\pox.obj
         Debug\psg.obj
         Debug\pts.obj
         Debug\rar.obj
         Debug\rdt.obj
         Debug\rgw.obj
         Debug\rha.obj
         Debug\roa.obj
         Debug\rob.obj
         Debug\rsl.obj
         Debug\rtb.obj
         Debug\rur.obj
         Debug\sah.obj
         Debug\sd9.obj
         Debug\sgj.obj
         Debug\sjc.obj
         Debug\slj.obj
         Debug\sll.obj
         Debug\sno.obj
         Debug\spk.obj
         Debug\sps.obj
         Debug\sth.obj
         Debug\tas.obj
         Debug\tbb.obj
         Debug\tcc.obj
         Debug\tcg.obj
         Debug\tdm.obj
         Debug\tds.obj
         Debug\tgf.obj
         Debug\tgy.obj
         Debug\the.obj
         Debug\tkg.obj
         Debug\tlp.obj
         Debug\tom.obj
         Debug\tpa.obj
         Debug\tru.obj
         Debug\tsm.obj
         Debug\unit.obj
         Debug\usa.obj
         Debug\usm.obj
         Debug\usu.obj
         Debug\vga.obj
         Debug\vs8.obj
         Debug\wat.obj
         Debug\win.obj
         Debug\wmf.obj
         Debug\wmj.obj
         Debug\wnd.obj
         Debug\wnw.obj
         Debug\xcd.obj
         Debug\xxx.obj
         Debug\yak.obj
         Debug\yep.obj
         Debug\yhg.obj
         Debug\zio.obj
         Debug\zmk.obj
         Debug\zrk.obj
         Debug\zwh.obj
         Debug\zzt.obj
         Debug\zzz.obj
       Manifest:
         C:\Program Files (x86)\Microsoft SDKs\Windows\v7.0A\bin\mt.exe /nologo /verbose /out:"Debug\cs1400Final.exe.embed.manifest" /manifest Debug\cs1400Final.exe.intermediate.manifest
         All outputs are up-to-date.
       LinkEmbedManifest:
         All outputs are up-to-date.
         cs1400Final.vcxproj -> C:\Users\jensbaby\Desktop\jenCS1400\cs1400Final\Debug\cs1400Final.exe
       FinalizeBuildStatus:
         Deleting file "Debug\cs1400Final.unsuccessfulbuild".
         Touching "Debug\cs1400Final.lastbuildstate".
     1>Done Building Project "C:\Users\jensbaby\Desktop\jenCS1400\cs1400Final\cs1400Final\cs1400Final.vcxproj" (build target(s)).

Build succeeded.

Time Elapsed 00:00:01.12
